build/outputs/logs/manifest-merger-debug-report.txt
-- Merging decision tree log ---
manifest
ADDED from src\main\AndroidManifest.xml:2:1-54:12
	package
		ADDED from src\main\AndroidManifest.xml:2:70-109
	android:versionName
		ADDED from src\main\AndroidManifest.xml:2:157-182
		INJECTED from src\main\AndroidManifest.xml
		INJECTED from src\main\AndroidManifest.xml
	xmlns:tools
		ADDED from src\main\AndroidManifest.xml:2:110-156
	android:versionCode
		ADDED from src\main\AndroidManifest.xml:2:183-206
		INJECTED from src\main\AndroidManifest.xml
		INJECTED from src\main\AndroidManifest.xml
	xmlns:android
		ADDED from src\main\AndroidManifest.xml:2:11-69
	android:installLocation
		ADDED from src\main\AndroidManifest.xml:2:207-247
supports-screens
ADDED from src\main\AndroidManifest.xml:3:3-163
	android:largeScreens
		ADDED from src\main\AndroidManifest.xml:3:78-105
	android:smallScreens
		ADDED from src\main\AndroidManifest.xml:3:21-48
	android:normalScreens
		ADDED from src\main\AndroidManifest.xml:3:49-77
	android:xlargeScreens
		ADDED from src\main\AndroidManifest.xml:3:106-134
	android:anyDensity
		ADDED from src\main\AndroidManifest.xml:3:135-160
application
ADDED from src\main\AndroidManifest.xml:4:3-37:17
	android:label
		ADDED from src\main\AndroidManifest.xml:7:7-39
	android:supportsRtl
		ADDED from src\main\AndroidManifest.xml:11:7-33
	android:allowBackup
		ADDED from src\main\AndroidManifest.xml:10:7-33
	android:icon
		ADDED from src\main\AndroidManifest.xml:6:7-40
	android:banner
		ADDED from src\main\AndroidManifest.xml:9:7-44
	android:theme
		ADDED from src\main\AndroidManifest.xml:5:7-48
	android:isGame
		ADDED from src\main\AndroidManifest.xml:8:7-28
activity#com.Loic.OculusSpecialization.UnityPlayerActivity
ADDED from src\main\AndroidManifest.xml:14:5-27:16
	android:screenOrientation
		ADDED from src\main\AndroidManifest.xml:16:9-47
	android:label
		ADDED from src\main\AndroidManifest.xml:15:9-41
	android:launchMode
		ADDED from src\main\AndroidManifest.xml:17:9-40
	android:configChanges
		ADDED from src\main\AndroidManifest.xml:18:9-182
	android:name
		ADDED from src\main\AndroidManifest.xml:19:9-73
intent-filter#android.intent.action.MAIN+android.intent.category.LAUNCHER+android.intent.category.LEANBACK_LAUNCHER
ADDED from src\main\AndroidManifest.xml:21:7-25:23
action#android.intent.action.MAIN
ADDED from src\main\AndroidManifest.xml:22:9-61
	android:name
		ADDED from src\main\AndroidManifest.xml:22:17-58
category#android.intent.category.LAUNCHER
ADDED from src\main\AndroidManifest.xml:23:9-69
	android:name
		ADDED from src\main\AndroidManifest.xml:23:19-66
category#android.intent.category.LEANBACK_LAUNCHER
ADDED from src\main\AndroidManifest.xml:24:9-78
	android:name
		ADDED from src\main\AndroidManifest.xml:24:19-75
meta-data#unityplayer.UnityActivity
ADDED from src\main\AndroidManifest.xml:26:7-82
	android:value
		ADDED from src\main\AndroidManifest.xml:26:59-79
	android:name
		ADDED from src\main\AndroidManifest.xml:26:18-58
service#com.Loic.OculusSpecialization.MusicPlayerService
ADDED from src\main\AndroidManifest.xml:29:5-36:15
	android:enabled
		ADDED from src\main\AndroidManifest.xml:31:9-31
	android:exported
		ADDED from src\main\AndroidManifest.xml:32:9-32
	android:name
		ADDED from src\main\AndroidManifest.xml:30:9-43
intent-filter#player
ADDED from src\main\AndroidManifest.xml:33:7-35:23
action#player
ADDED from src\main\AndroidManifest.xml:34:9-48
	android:name
		ADDED from src\main\AndroidManifest.xml:34:17-38
uses-sdk
ADDED from src\main\AndroidManifest.xml:38:3-72
	android:targetSdkVersion
		ADDED from src\main\AndroidManifest.xml:38:40-69
		INJECTED from src\main\AndroidManifest.xml
		INJECTED from src\main\AndroidManifest.xml
	android:minSdkVersion
		ADDED from src\main\AndroidManifest.xml:38:13-39
uses-feature#0x00020000
ADDED from src\main\AndroidManifest.xml:39:3-52
	android:glEsVersion
		ADDED from src\main\AndroidManifest.xml:39:17-49
uses-feature#android.hardware.vulkan
ADDED from src\main\AndroidManifest.xml:40:3-83
	android:required
		ADDED from src\main\AndroidManifest.xml:40:56-80
	android:name
		ADDED from src\main\AndroidManifest.xml:40:17-55
uses-feature#android.hardware.touchscreen
ADDED from src\main\AndroidManifest.xml:41:3-88
	android:required
		ADDED from src\main\AndroidManifest.xml:41:61-85
	android:name
		ADDED from src\main\AndroidManifest.xml:41:17-60
uses-feature#android.hardware.touchscreen.multitouch
ADDED from src\main\AndroidManifest.xml:42:3-99
	android:required
		ADDED from src\main\AndroidManifest.xml:42:72-96
	android:name
		ADDED from src\main\AndroidManifest.xml:42:17-71
uses-feature#android.hardware.touchscreen.multitouch.distinct
ADDED from src\main\AndroidManifest.xml:43:3-108
	android:required
		ADDED from src\main\AndroidManifest.xml:43:81-105
	android:name
		ADDED from src\main\AndroidManifest.xml:43:17-80
user-feature
ADDED from src\main\AndroidManifest.xml:44:3-85
	android:required
		ADDED from src\main\AndroidManifest.xml:44:58-82
	android:name
		ADDED from src\main\AndroidManifest.xml:44:17-57
uses-permission#android.permission.READ_EXTERNAL_STORAGE
ADDED from src\main\AndroidManifest.xml:46:3-78
	android:name
		ADDED from src\main\AndroidManifest.xml:46:20-75
uses-permission#android.permission.VIBRATE
ADDED from src\main\AndroidManifest.xml:48:3-63
	android:name
		ADDED from src\main\AndroidManifest.xml:48:20-61
uses-permission#android.permission.BLUETOOTH_ADMIN
ADDED from src\main\AndroidManifest.xml:50:3-72
	android:name
		ADDED from src\main\AndroidManifest.xml:50:20-69
uses-permission#android.permission.BLUETOOTH
ADDED from src\main\AndroidManifest.xml:51:3-66
	android:name
		ADDED from src\main\AndroidManifest.xml:51:20-63